d:\tai lieu\thuc tap ky thuat lap trinh\ttktlt_qlsv\ttktlt_qlsv\debug\vc141.pdb
d:\tai lieu\thuc tap ky thuat lap trinh\ttktlt_qlsv\ttktlt_qlsv\debug\vc141.idb
d:\tai lieu\thuc tap ky thuat lap trinh\ttktlt_qlsv\ttktlt_qlsv\debug\ttktlt_qlsv.obj
d:\tai lieu\thuc tap ky thuat lap trinh\ttktlt_qlsv\ttktlt_qlsv\debug\timkiem.obj
d:\tai lieu\thuc tap ky thuat lap trinh\ttktlt_qlsv\ttktlt_qlsv\debug\thongke.obj
d:\tai lieu\thuc tap ky thuat lap trinh\ttktlt_qlsv\ttktlt_qlsv\debug\themhososv.obj
d:\tai lieu\thuc tap ky thuat lap trinh\ttktlt_qlsv\ttktlt_qlsv\debug\sinhvien.obj
d:\tai lieu\thuc tap ky thuat lap trinh\ttktlt_qlsv\ttktlt_qlsv\debug\sapxep.obj
d:\tai lieu\thuc tap ky thuat lap trinh\ttktlt_qlsv\ttktlt_qlsv\debug\khungchucnang.obj
d:\tai lieu\thuc tap ky thuat lap trinh\ttktlt_qlsv\ttktlt_qlsv\debug\indanhsach.obj
d:\tai lieu\thuc tap ky thuat lap trinh\ttktlt_qlsv\ttktlt_qlsv\debug\headerdulieu.obj
d:\tai lieu\thuc tap ky thuat lap trinh\ttktlt_qlsv\ttktlt_qlsv\debug\dohoa.obj
d:\tai lieu\thuc tap ky thuat lap trinh\ttktlt_qlsv\ttktlt_qlsv\debug\date.obj
d:\tai lieu\thuc tap ky thuat lap trinh\ttktlt_qlsv\debug\ttktlt_qlsv.exe
d:\tai lieu\thuc tap ky thuat lap trinh\ttktlt_qlsv\debug\ttktlt_qlsv.ilk
d:\tai lieu\thuc tap ky thuat lap trinh\ttktlt_qlsv\debug\ttktlt_qlsv.pdb
d:\tai lieu\thuc tap ky thuat lap trinh\ttktlt_qlsv\ttktlt_qlsv\debug\ttktlt_qlsv.tlog\cl.command.1.tlog
d:\tai lieu\thuc tap ky thuat lap trinh\ttktlt_qlsv\ttktlt_qlsv\debug\ttktlt_qlsv.tlog\cl.read.1.tlog
d:\tai lieu\thuc tap ky thuat lap trinh\ttktlt_qlsv\ttktlt_qlsv\debug\ttktlt_qlsv.tlog\cl.write.1.tlog
d:\tai lieu\thuc tap ky thuat lap trinh\ttktlt_qlsv\ttktlt_qlsv\debug\ttktlt_qlsv.tlog\link.command.1.tlog
d:\tai lieu\thuc tap ky thuat lap trinh\ttktlt_qlsv\ttktlt_qlsv\debug\ttktlt_qlsv.tlog\link.read.1.tlog
d:\tai lieu\thuc tap ky thuat lap trinh\ttktlt_qlsv\ttktlt_qlsv\debug\ttktlt_qlsv.tlog\link.write.1.tlog
